<?xml version="1.0" encoding="UTF-8"?>
<!-- Generated by org.testng.reporters.JUnitXMLReporter -->
<testsuite ignored="0" hostname="DESKTOP-3QKDSQ4" failures="0" tests="2" name="firefox" time="28.484" errors="0" timestamp="2024-09-25T16:59:01 IST">
  <testcase classname="testCases.TC_001oginToApplication" name="Login_orengHRM" time="0.001">
    <skipped/>
  </testcase> <!-- Login_orengHRM -->
  <testcase classname="testCases.TC_001oginToApplication" name="varify_Login" time="0.0">
    <skipped/>
  </testcase> <!-- varify_Login -->
</testsuite> <!-- firefox -->
