<?xml version="1.0" encoding="UTF-8"?>
<!-- Generated by org.testng.reporters.JUnitXMLReporter -->
<testsuite ignored="0" hostname="DESKTOP-3QKDSQ4" failures="0" tests="1" name="Test1" time="0.167" errors="0" timestamp="2024-09-26T09:18:11 IST">
  <testcase classname="testBase.baseClass" name="@BeforeClass TC_001setUp" time="-1.727322491575E9">
    <failure type="org.testng.TestNGException" message="
Can inject only one of &amp;lt;ITestContext, XmlTest&amp;gt; into a @BeforeClass annotated TC_001setUp.
For more information on native dependency injection please refer to https://testng.org/#_dependency_injection">
      <![CDATA[org.testng.TestNGException: 
Can inject only one of <ITestContext, XmlTest> into a @BeforeClass annotated TC_001setUp.
For more information on native dependency injection please refer to https://testng.org/#_dependency_injection
at java.base/java.util.ArrayList.forEach(ArrayList.java:1596)
... Removed 22 stack frames]]>
    </failure>
  </testcase> <!-- @BeforeClass TC_001setUp -->
  <testcase classname="testBase.baseClass" name="@AfterClass tearDown" time="0.0">
    <skipped/>
  </testcase> <!-- @AfterClass tearDown -->
  <testcase classname="testCases.TC_2_Invalid_Valid_LoginToApplication" name="login" time="0.001">
    <skipped/>
  </testcase> <!-- login -->
</testsuite> <!-- Test1 -->
