<?xml version="1.0" encoding="UTF-8"?>
<testng-results ignored="0" total="1" passed="1" failed="0" skipped="0">
  <reporter-output>
  </reporter-output>
  <suite started-at="2024-09-27T11:46:48 IST" name="Suite" finished-at="2024-09-27T11:46:57 IST" duration-ms="8539">
    <groups>
      <group name="rigression">
        <method signature="TC_001oginToApplication.Login_orengHRM()[pri:0, instance:testCases.TC_001oginToApplication@39b43d60]" name="Login_orengHRM" class="testCases.TC_001oginToApplication"/>
      </group> <!-- rigression -->
    </groups>
    <test started-at="2024-09-27T11:46:48 IST" name="Test" finished-at="2024-09-27T11:46:57 IST" duration-ms="8539">
      <class name="testCases.TC_001oginToApplication">
        <test-method is-config="true" signature="TC_001setUp()[pri:0, instance:testCases.TC_001oginToApplication@39b43d60]" started-at="2024-09-27T11:46:48 IST" name="TC_001setUp" finished-at="2024-09-27T11:46:54 IST" duration-ms="6193" status="PASS">
          <reporter-output>
          </reporter-output>
        </test-method> <!-- TC_001setUp -->
        <test-method signature="Login_orengHRM()[pri:0, instance:testCases.TC_001oginToApplication@39b43d60]" started-at="2024-09-27T11:46:54 IST" name="Login_orengHRM" finished-at="2024-09-27T11:46:56 IST" duration-ms="2161" status="PASS">
          <reporter-output>
          </reporter-output>
        </test-method> <!-- Login_orengHRM -->
        <test-method is-config="true" signature="tearDown()[pri:0, instance:testCases.TC_001oginToApplication@39b43d60]" started-at="2024-09-27T11:46:56 IST" name="tearDown" finished-at="2024-09-27T11:46:57 IST" duration-ms="129" status="PASS">
          <reporter-output>
          </reporter-output>
        </test-method> <!-- tearDown -->
      </class> <!-- testCases.TC_001oginToApplication -->
    </test> <!-- Test -->
  </suite> <!-- Suite -->
</testng-results>
