<?xml version="1.0" encoding="UTF-8"?>
<testng-results ignored="0" total="2" passed="2" failed="0" skipped="0">
  <reporter-output>
  </reporter-output>
  <suite started-at="2024-09-26T13:04:06 IST" name="master sute " finished-at="2024-09-26T13:04:22 IST" duration-ms="16242">
    <groups>
      <group name="sanity">
        <method signature="TC_2_Invalid_Valid_LoginToApplication.login()[pri:0, instance:testCases.TC_2_Invalid_Valid_LoginToApplication@fc258b1]" name="login" class="testCases.TC_2_Invalid_Valid_LoginToApplication"/>
      </group> <!-- sanity -->
      <group name="rigression">
        <method signature="TC_001oginToApplication.Login_orengHRM()[pri:0, instance:testCases.TC_001oginToApplication@24d09c1]" name="Login_orengHRM" class="testCases.TC_001oginToApplication"/>
      </group> <!-- rigression -->
    </groups>
    <test started-at="2024-09-26T13:04:06 IST" name="Test" finished-at="2024-09-26T13:04:22 IST" duration-ms="16242">
      <class name="testCases.TC_001oginToApplication">
        <test-method is-config="true" signature="TC_001setUp()[pri:0, instance:testCases.TC_001oginToApplication@24d09c1]" started-at="2024-09-26T13:04:06 IST" name="TC_001setUp" finished-at="2024-09-26T13:04:12 IST" duration-ms="6381" status="PASS">
          <reporter-output>
          </reporter-output>
        </test-method> <!-- TC_001setUp -->
        <test-method signature="Login_orengHRM()[pri:0, instance:testCases.TC_001oginToApplication@24d09c1]" started-at="2024-09-26T13:04:12 IST" name="Login_orengHRM" finished-at="2024-09-26T13:04:15 IST" duration-ms="2472" status="PASS">
          <reporter-output>
          </reporter-output>
        </test-method> <!-- Login_orengHRM -->
        <test-method is-config="true" signature="tearDown()[pri:0, instance:testCases.TC_001oginToApplication@24d09c1]" started-at="2024-09-26T13:04:15 IST" name="tearDown" finished-at="2024-09-26T13:04:15 IST" duration-ms="118" status="PASS">
          <reporter-output>
          </reporter-output>
        </test-method> <!-- tearDown -->
      </class> <!-- testCases.TC_001oginToApplication -->
      <class name="testCases.TC_2_Invalid_Valid_LoginToApplication">
        <test-method is-config="true" signature="TC_001setUp()[pri:0, instance:testCases.TC_2_Invalid_Valid_LoginToApplication@fc258b1]" started-at="2024-09-26T13:04:15 IST" name="TC_001setUp" finished-at="2024-09-26T13:04:20 IST" duration-ms="4770" status="PASS">
          <reporter-output>
          </reporter-output>
        </test-method> <!-- TC_001setUp -->
        <test-method signature="login()[pri:0, instance:testCases.TC_2_Invalid_Valid_LoginToApplication@fc258b1]" started-at="2024-09-26T13:04:20 IST" name="login" finished-at="2024-09-26T13:04:22 IST" duration-ms="2172" status="PASS">
          <reporter-output>
          </reporter-output>
        </test-method> <!-- login -->
        <test-method is-config="true" signature="tearDown()[pri:0, instance:testCases.TC_2_Invalid_Valid_LoginToApplication@fc258b1]" started-at="2024-09-26T13:04:22 IST" name="tearDown" finished-at="2024-09-26T13:04:22 IST" duration-ms="252" status="PASS">
          <reporter-output>
          </reporter-output>
        </test-method> <!-- tearDown -->
      </class> <!-- testCases.TC_2_Invalid_Valid_LoginToApplication -->
    </test> <!-- Test -->
  </suite> <!-- master sute  -->
</testng-results>
